<?xml version="1.0" encoding="UTF-8"?>
<!-- Generated by org.testng.reporters.JUnitXMLReporter -->
<testsuite ignored="0" hostname="Tanfeez" failures="2" tests="11" name="Command line test" time="12.525" errors="0" timestamp="2024-10-03T15:28:42 IST">
  <testcase classname="Functionality.Register" name="testUserRegistration" time="3.897"/>
  <testcase classname="Functionality.Register" name="testUserRegistration" time="1.039"/>
  <testcase classname="Functionality.Register" name="testUserRegistration" time="1.16"/>
  <testcase classname="Functionality.Login" name="testUserLogin" time="0.952"/>
  <testcase classname="Functionality.Login" name="testUserLogin" time="0.916"/>
  <testcase classname="Functionality.Login" name="testUserLogin" time="0.959"/>
  <testcase classname="Functionality.Balance" name="testCheckBalance" time="1.119"/>
  <testcase classname="Functionality.Transfer" name="testTransferCrypto" time="0.0">
    <failure type="org.testng.TestNGException" message="
Method public void Functionality.Transfer.testTransferCrypto(java.lang.String,java.lang.String,double) requires a @DataProvider named : transferData">
      <![CDATA[org.testng.TestNGException: 
Method public void Functionality.Transfer.testTransferCrypto(java.lang.String,java.lang.String,double) requires a @DataProvider named : transferData
at java.base/java.util.ArrayList.forEach(ArrayList.java:1597)
at CryptoWallet.runAllTests(CryptoWallet.java:32)
at java.base/java.util.ArrayList.forEach(ArrayList.java:1597)
... Removed 46 stack frames]]>
    </failure>
  </testcase> <!-- testTransferCrypto -->
  <testcase classname="Functionality.Calculatefee" name="testCalculateFee" time="0.0">
    <failure type="org.testng.TestNGException" message="
Method public void Functionality.Calculatefee.testCalculateFee(java.lang.String,double) requires a @DataProvider named : feeData">
      <![CDATA[org.testng.TestNGException: 
Method public void Functionality.Calculatefee.testCalculateFee(java.lang.String,double) requires a @DataProvider named : feeData
at java.base/java.util.ArrayList.forEach(ArrayList.java:1597)
at CryptoWallet.runAllTests(CryptoWallet.java:32)
at java.base/java.util.ArrayList.forEach(ArrayList.java:1597)
... Removed 46 stack frames]]>
    </failure>
  </testcase> <!-- testCalculateFee -->
  <testcase classname="Functionality.Exchangerate" name="testGetExchangeRates" time="1.218"/>
  <testcase classname="Functionality.List" name="testListTransactions" time="1.227"/>
</testsuite> <!-- Command line test -->
